<?xml version="1.0" encoding="UTF-8"?>
<!-- Generated by org.testng.reporters.JUnitXMLReporter -->
<testsuite ignored="18" hostname="Cibhichakaravarthi" failures="0" tests="13" name="Chrome Test" time="214.038" errors="0" timestamp="2024-07-09T18:33:39 IST">
  <testcase classname="tests.CreateAccountTest" name="createAccountValidCredentials" time="19.649"/>
  <testcase classname="tests.CreateAccountTest" name="createAccountInvalidCredentials" time="11.162"/>
  <testcase classname="tests.CreateAccountTest" name="createAccountEmptyCredentials" time="6.331"/>
  <testcase classname="tests.SignInTest" name="signUpValidCredentials" time="9.203"/>
  <testcase classname="tests.SignInTest" name="signUpInValidCredentials" time="7.83"/>
  <testcase classname="tests.SignInTest" name="signUpEmptyCredentials" time="8.901"/>
  <testcase classname="tests.MenuValidationTest" name="topLinkVerification" time="0.255"/>
  <testcase classname="tests.MenuValidationTest" name="bottomLinkVerification" time="0.453"/>
  <testcase classname="tests.SearchItemTest" name="searchAddToshoppingCart" time="36.775"/>
  <testcase classname="tests.ShopByBrandTest" name="shopByBrands" time="36.423"/>
  <testcase classname="tests.ShopByDepartmentTest" name="shopByDepartment" time="20.5"/>
  <testcase classname="tests.CheckoutAndPaymentProcessTest" name="checkoutLoginProcess" time="5.746"/>
  <testcase classname="tests.CheckoutAndPaymentProcessTest" name="paymentInformation" time="34.058"/>
  <testcase classname="utils.BaseClass" name="@AfterTest quit" time="0.0">
    <ignored/>
  </testcase> <!-- @AfterTest quit -->
  <testcase classname="utils.BaseClass" name="@AfterTest quit" time="0.0">
    <ignored/>
  </testcase> <!-- @AfterTest quit -->
  <testcase classname="utils.BaseClass" name="@AfterTest quit" time="0.0">
    <ignored/>
  </testcase> <!-- @AfterTest quit -->
  <testcase classname="utils.BaseClass" name="@AfterTest quit" time="0.0">
    <ignored/>
  </testcase> <!-- @AfterTest quit -->
  <testcase classname="utils.BaseClass" name="@AfterTest quit" time="0.0">
    <ignored/>
  </testcase> <!-- @AfterTest quit -->
  <testcase classname="utils.BaseClass" name="@AfterTest quit" time="0.0">
    <ignored/>
  </testcase> <!-- @AfterTest quit -->
  <testcase classname="utils.BaseClass" name="@BeforeTest urlVerify" time="0.0">
    <ignored/>
  </testcase> <!-- @BeforeTest urlVerify -->
  <testcase classname="utils.BaseClass" name="@BeforeTest urlVerify" time="0.0">
    <ignored/>
  </testcase> <!-- @BeforeTest urlVerify -->
  <testcase classname="utils.BaseClass" name="@BeforeTest urlVerify" time="0.0">
    <ignored/>
  </testcase> <!-- @BeforeTest urlVerify -->
  <testcase classname="utils.BaseClass" name="@BeforeTest urlVerify" time="0.0">
    <ignored/>
  </testcase> <!-- @BeforeTest urlVerify -->
  <testcase classname="utils.BaseClass" name="@BeforeTest urlVerify" time="0.0">
    <ignored/>
  </testcase> <!-- @BeforeTest urlVerify -->
  <testcase classname="utils.BaseClass" name="@BeforeTest urlVerify" time="0.0">
    <ignored/>
  </testcase> <!-- @BeforeTest urlVerify -->
  <testcase classname="utils.BaseClass" name="@BeforeTest setUp" time="0.0">
    <ignored/>
  </testcase> <!-- @BeforeTest setUp -->
  <testcase classname="utils.BaseClass" name="@BeforeTest setUp" time="0.0">
    <ignored/>
  </testcase> <!-- @BeforeTest setUp -->
  <testcase classname="utils.BaseClass" name="@BeforeTest setUp" time="0.0">
    <ignored/>
  </testcase> <!-- @BeforeTest setUp -->
  <testcase classname="utils.BaseClass" name="@BeforeTest setUp" time="0.0">
    <ignored/>
  </testcase> <!-- @BeforeTest setUp -->
  <testcase classname="utils.BaseClass" name="@BeforeTest setUp" time="0.0">
    <ignored/>
  </testcase> <!-- @BeforeTest setUp -->
  <testcase classname="utils.BaseClass" name="@BeforeTest setUp" time="0.0">
    <ignored/>
  </testcase> <!-- @BeforeTest setUp -->
</testsuite> <!-- Chrome Test -->
