<?xml version="1.0" encoding="UTF-8"?>
<!-- Generated by org.testng.reporters.JUnitXMLReporter -->
<testsuite ignored="18" hostname="Cibhichakaravarthi" failures="0" tests="13" name="Chrome Test" time="198.308" errors="0" timestamp="2024-07-09T16:57:55 IST">
  <testcase classname="tests.CreateAccountTest" name="createAccountValidCredentials" time="19.684"/>
  <testcase classname="tests.CreateAccountTest" name="createAccountInvalidCredentials" time="10.511"/>
  <testcase classname="tests.CreateAccountTest" name="createAccountEmptyCredentials" time="8.012"/>
  <testcase classname="tests.SignInTest" name="signUpValidCredentials" time="8.02"/>
  <testcase classname="tests.SignInTest" name="signUpInValidCredentials" time="11.387"/>
  <testcase classname="tests.SignInTest" name="signUpEmptyCredentials" time="8.083"/>
  <testcase classname="tests.MenuValidationTest" name="topLinkVerification" time="0.319"/>
  <testcase classname="tests.MenuValidationTest" name="bottomLinkVerification" time="0.571"/>
  <testcase classname="tests.SearchItemTest" name="searchAddToshoppingCart" time="29.985"/>
  <testcase classname="tests.ShopByBrandTest" name="shopByBrands" time="28.97"/>
  <testcase classname="tests.ShopByDepartmentTest" name="shopByDepartment" time="19.812"/>
  <testcase classname="tests.CheckoutAndPaymentProcessTest" name="checkoutLoginProcess" time="6.747"/>
  <testcase classname="tests.CheckoutAndPaymentProcessTest" name="paymentInformation" time="28.993"/>
  <testcase classname="utils.BaseClass" name="@AfterTest quit" time="0.0">
    <ignored/>
  </testcase> <!-- @AfterTest quit -->
  <testcase classname="utils.BaseClass" name="@AfterTest quit" time="0.0">
    <ignored/>
  </testcase> <!-- @AfterTest quit -->
  <testcase classname="utils.BaseClass" name="@AfterTest quit" time="0.0">
    <ignored/>
  </testcase> <!-- @AfterTest quit -->
  <testcase classname="utils.BaseClass" name="@AfterTest quit" time="0.0">
    <ignored/>
  </testcase> <!-- @AfterTest quit -->
  <testcase classname="utils.BaseClass" name="@AfterTest quit" time="0.0">
    <ignored/>
  </testcase> <!-- @AfterTest quit -->
  <testcase classname="utils.BaseClass" name="@AfterTest quit" time="0.0">
    <ignored/>
  </testcase> <!-- @AfterTest quit -->
  <testcase classname="utils.BaseClass" name="@BeforeTest urlVerify" time="0.0">
    <ignored/>
  </testcase> <!-- @BeforeTest urlVerify -->
  <testcase classname="utils.BaseClass" name="@BeforeTest urlVerify" time="0.0">
    <ignored/>
  </testcase> <!-- @BeforeTest urlVerify -->
  <testcase classname="utils.BaseClass" name="@BeforeTest urlVerify" time="0.0">
    <ignored/>
  </testcase> <!-- @BeforeTest urlVerify -->
  <testcase classname="utils.BaseClass" name="@BeforeTest urlVerify" time="0.0">
    <ignored/>
  </testcase> <!-- @BeforeTest urlVerify -->
  <testcase classname="utils.BaseClass" name="@BeforeTest urlVerify" time="0.0">
    <ignored/>
  </testcase> <!-- @BeforeTest urlVerify -->
  <testcase classname="utils.BaseClass" name="@BeforeTest urlVerify" time="0.0">
    <ignored/>
  </testcase> <!-- @BeforeTest urlVerify -->
  <testcase classname="utils.BaseClass" name="@BeforeTest setUp" time="0.0">
    <ignored/>
  </testcase> <!-- @BeforeTest setUp -->
  <testcase classname="utils.BaseClass" name="@BeforeTest setUp" time="0.0">
    <ignored/>
  </testcase> <!-- @BeforeTest setUp -->
  <testcase classname="utils.BaseClass" name="@BeforeTest setUp" time="0.0">
    <ignored/>
  </testcase> <!-- @BeforeTest setUp -->
  <testcase classname="utils.BaseClass" name="@BeforeTest setUp" time="0.0">
    <ignored/>
  </testcase> <!-- @BeforeTest setUp -->
  <testcase classname="utils.BaseClass" name="@BeforeTest setUp" time="0.0">
    <ignored/>
  </testcase> <!-- @BeforeTest setUp -->
  <testcase classname="utils.BaseClass" name="@BeforeTest setUp" time="0.0">
    <ignored/>
  </testcase> <!-- @BeforeTest setUp -->
</testsuite> <!-- Chrome Test -->
