<?xml version="1.0" encoding="UTF-8"?>
<!-- Generated by org.testng.reporters.JUnitXMLReporter -->
<testsuite ignored="18" hostname="Cibhichakaravarthi" failures="0" tests="13" name="Chrome Test" time="198.646" errors="0" timestamp="2024-07-09T17:01:54 IST">
  <testcase classname="tests.CreateAccountTest" name="createAccountValidCredentials" time="20.934"/>
  <testcase classname="tests.CreateAccountTest" name="createAccountInvalidCredentials" time="11.659"/>
  <testcase classname="tests.CreateAccountTest" name="createAccountEmptyCredentials" time="7.431"/>
  <testcase classname="tests.SignInTest" name="signUpValidCredentials" time="8.43"/>
  <testcase classname="tests.SignInTest" name="signUpInValidCredentials" time="9.021"/>
  <testcase classname="tests.SignInTest" name="signUpEmptyCredentials" time="8.222"/>
  <testcase classname="tests.MenuValidationTest" name="topLinkVerification" time="0.33"/>
  <testcase classname="tests.MenuValidationTest" name="bottomLinkVerification" time="0.561"/>
  <testcase classname="tests.SearchItemTest" name="searchAddToshoppingCart" time="31.822"/>
  <testcase classname="tests.ShopByBrandTest" name="shopByBrands" time="27.694"/>
  <testcase classname="tests.ShopByDepartmentTest" name="shopByDepartment" time="19.66"/>
  <testcase classname="tests.CheckoutAndPaymentProcessTest" name="checkoutLoginProcess" time="5.958"/>
  <testcase classname="tests.CheckoutAndPaymentProcessTest" name="paymentInformation" time="29.185"/>
  <testcase classname="utils.BaseClass" name="@AfterTest quit" time="0.0">
    <ignored/>
  </testcase> <!-- @AfterTest quit -->
  <testcase classname="utils.BaseClass" name="@AfterTest quit" time="0.0">
    <ignored/>
  </testcase> <!-- @AfterTest quit -->
  <testcase classname="utils.BaseClass" name="@AfterTest quit" time="0.0">
    <ignored/>
  </testcase> <!-- @AfterTest quit -->
  <testcase classname="utils.BaseClass" name="@AfterTest quit" time="0.0">
    <ignored/>
  </testcase> <!-- @AfterTest quit -->
  <testcase classname="utils.BaseClass" name="@AfterTest quit" time="0.0">
    <ignored/>
  </testcase> <!-- @AfterTest quit -->
  <testcase classname="utils.BaseClass" name="@AfterTest quit" time="0.0">
    <ignored/>
  </testcase> <!-- @AfterTest quit -->
  <testcase classname="utils.BaseClass" name="@BeforeTest urlVerify" time="0.0">
    <ignored/>
  </testcase> <!-- @BeforeTest urlVerify -->
  <testcase classname="utils.BaseClass" name="@BeforeTest urlVerify" time="0.0">
    <ignored/>
  </testcase> <!-- @BeforeTest urlVerify -->
  <testcase classname="utils.BaseClass" name="@BeforeTest urlVerify" time="0.0">
    <ignored/>
  </testcase> <!-- @BeforeTest urlVerify -->
  <testcase classname="utils.BaseClass" name="@BeforeTest urlVerify" time="0.0">
    <ignored/>
  </testcase> <!-- @BeforeTest urlVerify -->
  <testcase classname="utils.BaseClass" name="@BeforeTest urlVerify" time="0.0">
    <ignored/>
  </testcase> <!-- @BeforeTest urlVerify -->
  <testcase classname="utils.BaseClass" name="@BeforeTest urlVerify" time="0.0">
    <ignored/>
  </testcase> <!-- @BeforeTest urlVerify -->
  <testcase classname="utils.BaseClass" name="@BeforeTest setUp" time="0.0">
    <ignored/>
  </testcase> <!-- @BeforeTest setUp -->
  <testcase classname="utils.BaseClass" name="@BeforeTest setUp" time="0.0">
    <ignored/>
  </testcase> <!-- @BeforeTest setUp -->
  <testcase classname="utils.BaseClass" name="@BeforeTest setUp" time="0.0">
    <ignored/>
  </testcase> <!-- @BeforeTest setUp -->
  <testcase classname="utils.BaseClass" name="@BeforeTest setUp" time="0.0">
    <ignored/>
  </testcase> <!-- @BeforeTest setUp -->
  <testcase classname="utils.BaseClass" name="@BeforeTest setUp" time="0.0">
    <ignored/>
  </testcase> <!-- @BeforeTest setUp -->
  <testcase classname="utils.BaseClass" name="@BeforeTest setUp" time="0.0">
    <ignored/>
  </testcase> <!-- @BeforeTest setUp -->
</testsuite> <!-- Chrome Test -->
