<?xml version="1.0" encoding="UTF-8"?>
<testng-results ignored="18" total="31" passed="13" failed="0" skipped="0">
  <reporter-output>
    <line>
      <![CDATA[<img src= C:\Users\cibhi\eclipse-workspace\Ecommerce\screenshots\createAccountValidCredentials.png width = 200px height=200px />]]>
    </line>
    <line>
      <![CDATA[<img src= C:\Users\cibhi\eclipse-workspace\Ecommerce\screenshots\createAccountInvalidCredentials.png width = 200px height=200px />]]>
    </line>
    <line>
      <![CDATA[<img src= C:\Users\cibhi\eclipse-workspace\Ecommerce\screenshots\createAccountEmptyCredentials.png width = 200px height=200px />]]>
    </line>
    <line>
      <![CDATA[<img src= C:\Users\cibhi\eclipse-workspace\Ecommerce\screenshots\signUpValidCredentials.png width = 200px height=200px />]]>
    </line>
    <line>
      <![CDATA[<img src= C:\Users\cibhi\eclipse-workspace\Ecommerce\screenshots\signUpInValidCredentials.png width = 200px height=200px />]]>
    </line>
    <line>
      <![CDATA[<img src= C:\Users\cibhi\eclipse-workspace\Ecommerce\screenshots\signUpEmptyCredentials.png width = 200px height=200px />]]>
    </line>
    <line>
      <![CDATA[<img src= C:\Users\cibhi\eclipse-workspace\Ecommerce\screenshots\topLinkVerification.png width = 200px height=200px />]]>
    </line>
    <line>
      <![CDATA[<img src= C:\Users\cibhi\eclipse-workspace\Ecommerce\screenshots\bottomLinkVerification.png width = 200px height=200px />]]>
    </line>
    <line>
      <![CDATA[<img src= C:\Users\cibhi\eclipse-workspace\Ecommerce\screenshots\searchAddToshoppingCart.png width = 200px height=200px />]]>
    </line>
    <line>
      <![CDATA[<img src= C:\Users\cibhi\eclipse-workspace\Ecommerce\screenshots\shopByBrands.png width = 200px height=200px />]]>
    </line>
    <line>
      <![CDATA[<img src= C:\Users\cibhi\eclipse-workspace\Ecommerce\screenshots\shopByDepartment.png width = 200px height=200px />]]>
    </line>
    <line>
      <![CDATA[<img src= C:\Users\cibhi\eclipse-workspace\Ecommerce\screenshots\checkoutLoginProcess.png width = 200px height=200px />]]>
    </line>
    <line>
      <![CDATA[<img src= C:\Users\cibhi\eclipse-workspace\Ecommerce\screenshots\paymentInformation.png width = 200px height=200px />]]>
    </line>
  </reporter-output>
  <suite started-at="2024-07-09T18:30:05 IST" name="Suite" finished-at="2024-07-09T18:33:39 IST" duration-ms="214038">
    <groups>
    </groups>
    <test started-at="2024-07-09T18:30:05 IST" name="Chrome Test" finished-at="2024-07-09T18:33:39 IST" duration-ms="214038">
      <class name="tests.ShopByDepartmentTest">
        <test-method signature="shopByDepartment()[pri:0, instance:tests.ShopByDepartmentTest@7486b455]" started-at="2024-07-09T18:32:38 IST" name="shopByDepartment" finished-at="2024-07-09T18:32:58 IST" duration-ms="20500" status="PASS">
          <reporter-output>
            <line>
              <![CDATA[<img src= C:\Users\cibhi\eclipse-workspace\Ecommerce\screenshots\shopByDepartment.png width = 200px height=200px />]]>
            </line>
          </reporter-output>
        </test-method> <!-- shopByDepartment -->
      </class> <!-- tests.ShopByDepartmentTest -->
      <class name="tests.ShopByBrandTest">
        <test-method signature="shopByBrands()[pri:0, instance:tests.ShopByBrandTest@23941fb4]" started-at="2024-07-09T18:32:01 IST" name="shopByBrands" finished-at="2024-07-09T18:32:37 IST" duration-ms="36423" status="PASS">
          <reporter-output>
            <line>
              <![CDATA[<img src= C:\Users\cibhi\eclipse-workspace\Ecommerce\screenshots\shopByBrands.png width = 200px height=200px />]]>
            </line>
          </reporter-output>
        </test-method> <!-- shopByBrands -->
      </class> <!-- tests.ShopByBrandTest -->
      <class name="tests.MenuValidationTest">
        <test-method signature="topLinkVerification()[pri:0, instance:tests.MenuValidationTest@798162bc]" started-at="2024-07-09T18:31:23 IST" name="topLinkVerification" finished-at="2024-07-09T18:31:23 IST" duration-ms="255" status="PASS">
          <reporter-output>
            <line>
              <![CDATA[<img src= C:\Users\cibhi\eclipse-workspace\Ecommerce\screenshots\topLinkVerification.png width = 200px height=200px />]]>
            </line>
          </reporter-output>
        </test-method> <!-- topLinkVerification -->
        <test-method signature="bottomLinkVerification()[pri:1, instance:tests.MenuValidationTest@798162bc]" started-at="2024-07-09T18:31:23 IST" name="bottomLinkVerification" finished-at="2024-07-09T18:31:24 IST" duration-ms="453" status="PASS">
          <reporter-output>
            <line>
              <![CDATA[<img src= C:\Users\cibhi\eclipse-workspace\Ecommerce\screenshots\bottomLinkVerification.png width = 200px height=200px />]]>
            </line>
          </reporter-output>
        </test-method> <!-- bottomLinkVerification -->
      </class> <!-- tests.MenuValidationTest -->
      <class name="tests.SearchItemTest">
        <test-method signature="searchAddToshoppingCart()[pri:0, instance:tests.SearchItemTest@1df8da7a]" started-at="2024-07-09T18:31:24 IST" name="searchAddToshoppingCart" finished-at="2024-07-09T18:32:01 IST" duration-ms="36775" status="PASS">
          <reporter-output>
            <line>
              <![CDATA[<img src= C:\Users\cibhi\eclipse-workspace\Ecommerce\screenshots\searchAddToshoppingCart.png width = 200px height=200px />]]>
            </line>
          </reporter-output>
        </test-method> <!-- searchAddToshoppingCart -->
      </class> <!-- tests.SearchItemTest -->
      <class name="tests.CheckoutAndPaymentProcessTest">
        <test-method signature="checkoutLoginProcess()[pri:0, instance:tests.CheckoutAndPaymentProcessTest@660acfb]" started-at="2024-07-09T18:32:58 IST" name="checkoutLoginProcess" finished-at="2024-07-09T18:33:04 IST" duration-ms="5746" status="PASS">
          <reporter-output>
            <line>
              <![CDATA[<img src= C:\Users\cibhi\eclipse-workspace\Ecommerce\screenshots\checkoutLoginProcess.png width = 200px height=200px />]]>
            </line>
          </reporter-output>
        </test-method> <!-- checkoutLoginProcess -->
        <test-method signature="paymentInformation()[pri:0, instance:tests.CheckoutAndPaymentProcessTest@660acfb]" started-at="2024-07-09T18:33:04 IST" name="paymentInformation" finished-at="2024-07-09T18:33:38 IST" duration-ms="34058" status="PASS">
          <reporter-output>
            <line>
              <![CDATA[<img src= C:\Users\cibhi\eclipse-workspace\Ecommerce\screenshots\paymentInformation.png width = 200px height=200px />]]>
            </line>
          </reporter-output>
        </test-method> <!-- paymentInformation -->
      </class> <!-- tests.CheckoutAndPaymentProcessTest -->
      <class name="tests.CreateAccountTest">
        <test-method is-config="true" signature="setUp(java.lang.String,java.lang.String)[pri:0, instance:tests.CreateAccountTest@38145825]" started-at="2024-07-09T18:30:05 IST" name="setUp" finished-at="2024-07-09T18:30:09 IST" duration-ms="3930" status="PASS">
          <params>
            <param index="0">
              <value>
                <![CDATA[Chrome]]>
              </value>
            </param>
            <param index="1">
              <value>
                <![CDATA[https://www.bestbuy.com]]>
              </value>
            </param>
          </params>
          <reporter-output>
          </reporter-output>
        </test-method> <!-- setUp -->
        <test-method is-config="true" signature="urlVerify()[pri:0, instance:tests.CreateAccountTest@38145825]" started-at="2024-07-09T18:30:09 IST" name="urlVerify" finished-at="2024-07-09T18:30:17 IST" duration-ms="8443" status="PASS">
          <reporter-output>
          </reporter-output>
        </test-method> <!-- urlVerify -->
        <test-method signature="createAccountValidCredentials(java.lang.String)[pri:0, instance:tests.CreateAccountTest@38145825]" started-at="2024-07-09T18:30:17 IST" name="createAccountValidCredentials" finished-at="2024-07-09T18:30:37 IST" duration-ms="19649" status="PASS">
          <params>
            <param index="0">
              <value>
                <![CDATA[7373977119]]>
              </value>
            </param>
          </params>
          <reporter-output>
            <line>
              <![CDATA[<img src= C:\Users\cibhi\eclipse-workspace\Ecommerce\screenshots\createAccountValidCredentials.png width = 200px height=200px />]]>
            </line>
          </reporter-output>
        </test-method> <!-- createAccountValidCredentials -->
        <test-method signature="createAccountInvalidCredentials(java.lang.String)[pri:1, instance:tests.CreateAccountTest@38145825]" started-at="2024-07-09T18:30:37 IST" name="createAccountInvalidCredentials" finished-at="2024-07-09T18:30:49 IST" duration-ms="11162" status="PASS">
          <params>
            <param index="0">
              <value>
                <![CDATA[9876543210]]>
              </value>
            </param>
          </params>
          <reporter-output>
            <line>
              <![CDATA[<img src= C:\Users\cibhi\eclipse-workspace\Ecommerce\screenshots\createAccountInvalidCredentials.png width = 200px height=200px />]]>
            </line>
          </reporter-output>
        </test-method> <!-- createAccountInvalidCredentials -->
        <test-method signature="createAccountEmptyCredentials()[pri:2, instance:tests.CreateAccountTest@38145825]" started-at="2024-07-09T18:30:49 IST" name="createAccountEmptyCredentials" finished-at="2024-07-09T18:30:55 IST" duration-ms="6331" status="PASS">
          <reporter-output>
            <line>
              <![CDATA[<img src= C:\Users\cibhi\eclipse-workspace\Ecommerce\screenshots\createAccountEmptyCredentials.png width = 200px height=200px />]]>
            </line>
          </reporter-output>
        </test-method> <!-- createAccountEmptyCredentials -->
        <test-method is-config="true" signature="quit()[pri:0, instance:tests.CreateAccountTest@38145825]" started-at="2024-07-09T18:33:39 IST" name="quit" finished-at="2024-07-09T18:33:39 IST" duration-ms="379" status="PASS">
          <reporter-output>
          </reporter-output>
        </test-method> <!-- quit -->
      </class> <!-- tests.CreateAccountTest -->
      <class name="tests.SignInTest">
        <test-method signature="signUpValidCredentials()[pri:0, instance:tests.SignInTest@465232e9]" started-at="2024-07-09T18:30:56 IST" name="signUpValidCredentials" finished-at="2024-07-09T18:31:05 IST" duration-ms="9203" status="PASS">
          <reporter-output>
            <line>
              <![CDATA[<img src= C:\Users\cibhi\eclipse-workspace\Ecommerce\screenshots\signUpValidCredentials.png width = 200px height=200px />]]>
            </line>
          </reporter-output>
        </test-method> <!-- signUpValidCredentials -->
        <test-method signature="signUpInValidCredentials()[pri:1, instance:tests.SignInTest@465232e9]" started-at="2024-07-09T18:31:05 IST" name="signUpInValidCredentials" finished-at="2024-07-09T18:31:13 IST" duration-ms="7830" status="PASS">
          <reporter-output>
            <line>
              <![CDATA[<img src= C:\Users\cibhi\eclipse-workspace\Ecommerce\screenshots\signUpInValidCredentials.png width = 200px height=200px />]]>
            </line>
          </reporter-output>
        </test-method> <!-- signUpInValidCredentials -->
        <test-method signature="signUpEmptyCredentials()[pri:2, instance:tests.SignInTest@465232e9]" started-at="2024-07-09T18:31:13 IST" name="signUpEmptyCredentials" finished-at="2024-07-09T18:31:22 IST" duration-ms="8901" status="PASS">
          <reporter-output>
            <line>
              <![CDATA[<img src= C:\Users\cibhi\eclipse-workspace\Ecommerce\screenshots\signUpEmptyCredentials.png width = 200px height=200px />]]>
            </line>
          </reporter-output>
        </test-method> <!-- signUpEmptyCredentials -->
      </class> <!-- tests.SignInTest -->
    </test> <!-- Chrome Test -->
  </suite> <!-- Suite -->
</testng-results>
